<?xml version="1.0" encoding="UTF-8"?>
<!-- Generated by org.testng.reporters.JUnitXMLReporter -->
<testsuite hostname="AyushUpad" ignored="0" name="Default test" tests="3" failures="0" timestamp="22 Dec 2020 01:52:34 GMT" time="14.553" errors="0">
  <testcase name="logopresence" time="0.136" classname="allureReporting.Tests"/>
  <testcase name="logintest" time="4.406" classname="allureReporting.Tests"/>
  <testcase name="registration" time="0.008" classname="allureReporting.Tests">
    <skipped/>
  </testcase> <!-- registration -->
</testsuite> <!-- Default test -->
