<?xml version="1.0" encoding="UTF-8"?>
<testng-results skipped="1" failed="0" ignored="0" total="3" passed="2">
  <reporter-output>
  </reporter-output>
  <suite name="Default suite" duration-ms="14553" started-at="2020-12-22T01:52:19Z" finished-at="2020-12-22T01:52:34Z">
    <groups>
    </groups>
    <test name="Default test" duration-ms="14553" started-at="2020-12-22T01:52:19Z" finished-at="2020-12-22T01:52:34Z">
      <class name="allureReporting.Tests">
        <test-method status="PASS" signature="setup()[pri:0, instance:allureReporting.Tests@6fe7aac8]" name="setup" is-config="true" duration-ms="9065" started-at="2020-12-22T01:52:20Z" finished-at="2020-12-22T01:52:29Z">
          <reporter-output>
          </reporter-output>
        </test-method> <!-- setup -->
        <test-method status="PASS" signature="logopresence()[pri:1, instance:allureReporting.Tests@6fe7aac8]" name="logopresence" duration-ms="136" started-at="2020-12-22T01:52:29Z" finished-at="2020-12-22T01:52:29Z">
          <reporter-output>
          </reporter-output>
        </test-method> <!-- logopresence -->
        <test-method status="PASS" signature="logintest()[pri:2, instance:allureReporting.Tests@6fe7aac8]" name="logintest" duration-ms="4406" started-at="2020-12-22T01:52:29Z" finished-at="2020-12-22T01:52:33Z">
          <reporter-output>
          </reporter-output>
        </test-method> <!-- logintest -->
        <test-method status="SKIP" signature="registration()[pri:3, instance:allureReporting.Tests@6fe7aac8]" name="registration" duration-ms="8" started-at="2020-12-22T01:52:33Z" finished-at="2020-12-22T01:52:33Z">
          <exception class="org.testng.SkipException">
            <message>
              <![CDATA[Skipping this test]]>
            </message>
            <full-stacktrace>
              <![CDATA[org.testng.SkipException: Skipping this test
at allureReporting.Tests.registration(Tests.java:57)
at sun.reflect.NativeMethodAccessorImpl.invoke0(Native Method)
at sun.reflect.NativeMethodAccessorImpl.invoke(Unknown Source)
at sun.reflect.DelegatingMethodAccessorImpl.invoke(Unknown Source)
at java.lang.reflect.Method.invoke(Unknown Source)
at org.testng.internal.MethodInvocationHelper.invokeMethod(MethodInvocationHelper.java:124)
at org.testng.internal.Invoker.invokeMethod(Invoker.java:583)
at org.testng.internal.Invoker.invokeTestMethod(Invoker.java:719)
at org.testng.internal.Invoker.invokeTestMethods(Invoker.java:989)
at org.testng.internal.TestMethodWorker.invokeTestMethods(TestMethodWorker.java:125)
at org.testng.internal.TestMethodWorker.run(TestMethodWorker.java:109)
at org.testng.TestRunner.privateRun(TestRunner.java:648)
at org.testng.TestRunner.run(TestRunner.java:505)
at org.testng.SuiteRunner.runTest(SuiteRunner.java:455)
at org.testng.SuiteRunner.runSequentially(SuiteRunner.java:450)
at org.testng.SuiteRunner.privateRun(SuiteRunner.java:415)
at org.testng.SuiteRunner.run(SuiteRunner.java:364)
at org.testng.SuiteRunnerWorker.runSuite(SuiteRunnerWorker.java:52)
at org.testng.SuiteRunnerWorker.run(SuiteRunnerWorker.java:84)
at org.testng.TestNG.runSuitesSequentially(TestNG.java:1208)
at org.testng.TestNG.runSuitesLocally(TestNG.java:1137)
at org.testng.TestNG.runSuites(TestNG.java:1049)
at org.testng.TestNG.run(TestNG.java:1017)
at org.testng.remote.AbstractRemoteTestNG.run(AbstractRemoteTestNG.java:114)
at org.testng.remote.RemoteTestNG.initAndRun(RemoteTestNG.java:251)
at org.testng.remote.RemoteTestNG.main(RemoteTestNG.java:77)
]]>
            </full-stacktrace>
          </exception> <!-- org.testng.SkipException -->
          <reporter-output>
          </reporter-output>
        </test-method> <!-- registration -->
        <test-method status="PASS" signature="tearDown()[pri:0, instance:allureReporting.Tests@6fe7aac8]" name="tearDown" is-config="true" duration-ms="771" started-at="2020-12-22T01:52:33Z" finished-at="2020-12-22T01:52:34Z">
          <reporter-output>
          </reporter-output>
        </test-method> <!-- tearDown -->
      </class> <!-- allureReporting.Tests -->
    </test> <!-- Default test -->
  </suite> <!-- Default suite -->
</testng-results>
