<?xml version="1.0" encoding="UTF-8"?>
<!-- Generated by org.testng.reporters.JUnitXMLReporter -->
<testsuite hostname="AyushUpad" ignored="0" name="Test" tests="3" failures="1" timestamp="22 Dec 2020 01:45:07 GMT" time="10.704" errors="0">
  <testcase name="logopresence" time="0.137" classname="allureReporting.Tests"/>
  <testcase name="logintest" time="1.045" classname="allureReporting.Tests">
    <failure type="org.junit.ComparisonFailure" message="expected:&amp;lt;...pCommerce demo store[. Login]&amp;gt; but was:&amp;lt;...pCommerce demo store[]&amp;gt;">
      <![CDATA[org.junit.ComparisonFailure: expected:<...pCommerce demo store[. Login]> but was:<...pCommerce demo store[]>
at org.junit.Assert.assertEquals(Assert.java:115)
at org.junit.Assert.assertEquals(Assert.java:144)
at allureReporting.Tests.logintest(Tests.java:49)
... Removed 25 stack frames]]>
    </failure>
  </testcase> <!-- logintest -->
  <testcase name="registration" time="0.007" classname="allureReporting.Tests">
    <skipped/>
  </testcase> <!-- registration -->
</testsuite> <!-- Test -->
